<?xml version="1.0" encoding="UTF-8"?>
<testsuite name="edu.coursera.distributed.FileServerTest" time="20.075" tests="9" errors="0" skipped="0" failures="1">
  <properties>
[...]
</properties>
  <testcase name="testMissingFileGet" classname="edu.coursera.distributed.FileServerTest" time="0.046"/>
  <testcase name="testPerformance" classname="edu.coursera.distributed.FileServerTest" time="20.021">
    <failure message="Expected parallel threads to produce at least a 7.199999999999999x improvement, but only saw 2.802162162162162x" type="junit.framework.AssertionFailedError">junit.framework.AssertionFailedError: Expected parallel threads to produce at least a 7.199999999999999x improvement, but only saw 2.802162162162162x
	at junit.framework.Assert.fail(Assert.java:47)
	at junit.framework.Assert.assertTrue(Assert.java:20)
	at edu.coursera.distributed.FileServerTest.testPerformance(FileServerTest.java:327)
</failure>
    <system-err><![CDATA[Testing performance of multi-threaded web server using 12 request threads

Launching server for runPerformanceTest

Launching server for runPerformanceTest
Single-core execution completed 1850
Parallel execution completed 5184, yielding an improvement of 2.802162162162162x

]]></system-err>
  </testcase>
  <testcase name="testFileGet" classname="edu.coursera.distributed.FileServerTest" time="0.001"/>
  <testcase name="testLargeFileGet" classname="edu.coursera.distributed.FileServerTest" time="0.001"/>
  <testcase name="testNestedFileGet" classname="edu.coursera.distributed.FileServerTest" time="0.001"/>
  <testcase name="testFileGets" classname="edu.coursera.distributed.FileServerTest" time="0.002"/>
  <testcase name="testTermination" classname="edu.coursera.distributed.FileServerTest" time="0"/>
  <testcase name="testDoublyNestedFileGet" classname="edu.coursera.distributed.FileServerTest" time="0.002"/>
  <testcase name="testMissingNestedFileGet" classname="edu.coursera.distributed.FileServerTest" time="0.001"/>
</testsuite>